<?xml version="1.0" encoding="UTF-8"?>
<coverage generated="1774371353916" clover="3.2.0">
  <project timestamp="1774371353916" name="All files">
    <metrics statements="23" coveredstatements="22" conditionals="4" coveredconditionals="4" methods="9" coveredmethods="8" elements="36" coveredelements="34" complexity="0" loc="23" ncloc="23" packages="1" files="2" classes="2"/>
    <file name="Blog.jsx" path="C:\Users\aldi_\fullstack part5\bloglist-frontend\src\components\Blog.jsx">
      <metrics statements="9" coveredstatements="8" conditionals="4" coveredconditionals="4" methods="4" coveredmethods="3"/>
      <line num="3" count="1" type="stmt"/>
      <line num="5" count="5" type="stmt"/>
      <line num="13" count="5" type="stmt"/>
      <line num="18" count="5" type="stmt"/>
      <line num="20" count="5" type="stmt"/>
      <line num="21" count="2" type="stmt"/>
      <line num="24" count="5" type="stmt"/>
      <line num="38" count="2" type="stmt"/>
      <line num="41" count="0" type="stmt"/>
    </file>
    <file name="BlogForm.jsx" path="C:\Users\aldi_\fullstack part5\bloglist-frontend\src\components\BlogForm.jsx">
      <metrics statements="14" coveredstatements="14" conditionals="0" coveredconditionals="0" methods="5" coveredmethods="5"/>
      <line num="3" count="1" type="stmt"/>
      <line num="5" count="50" type="stmt"/>
      <line num="6" count="50" type="stmt"/>
      <line num="7" count="50" type="stmt"/>
      <line num="9" count="50" type="stmt"/>
      <line num="10" count="1" type="stmt"/>
      <line num="11" count="1" type="stmt"/>
      <line num="17" count="1" type="stmt"/>
      <line num="18" count="1" type="stmt"/>
      <line num="19" count="1" type="stmt"/>
      <line num="22" count="50" type="stmt"/>
      <line num="30" count="15" type="stmt"/>
      <line num="40" count="12" type="stmt"/>
      <line num="50" count="21" type="stmt"/>
    </file>
  </project>
</coverage>
