{"C:\\Users\\aldi_\\fullstack part5\\bloglist-frontend\\src\\components\\Blog.jsx": {"path":"C:\\Users\\aldi_\\fullstack part5\\bloglist-frontend\\src\\components\\Blog.jsx","statementMap":{"0":{"start":{"line":3,"column":13},"end":{"line":47,"column":null}},"1":{"start":{"line":5,"column":20},"end":{"line":11,"column":null}},"2":{"start":{"line":13,"column":28},"end":{"line":16,"column":null}},"3":{"start":{"line":18,"column":58},"end":{"line":18,"column":null}},"4":{"start":{"line":20,"column":27},"end":{"line":22,"column":null}},"5":{"start":{"line":21,"column":4},"end":{"line":21,"column":null}},"6":{"start":{"line":24,"column":2},"end":{"line":46,"column":null}},"7":{"start":{"line":38,"column":35},"end":{"line":38,"column":53}},"8":{"start":{"line":41,"column":59},"end":{"line":41,"column":77}}},"fnMap":{"0":{"name":"(anonymous_0)","decl":{"start":{"line":3,"column":13},"end":{"line":3,"column":14}},"loc":{"start":{"line":3,"column":51},"end":{"line":47,"column":null}},"line":3},"1":{"name":"(anonymous_1)","decl":{"start":{"line":20,"column":27},"end":{"line":20,"column":33}},"loc":{"start":{"line":20,"column":33},"end":{"line":22,"column":null}},"line":20},"2":{"name":"(anonymous_2)","decl":{"start":{"line":38,"column":29},"end":{"line":38,"column":35}},"loc":{"start":{"line":38,"column":35},"end":{"line":38,"column":53}},"line":38},"3":{"name":"(anonymous_3)","decl":{"start":{"line":41,"column":53},"end":{"line":41,"column":59}},"loc":{"start":{"line":41,"column":59},"end":{"line":41,"column":77}},"line":41}},"branchMap":{"0":{"loc":{"start":{"line":29,"column":11},"end":{"line":29,"column":null}},"type":"cond-expr","locations":[{"start":{"line":29,"column":36},"end":{"line":29,"column":45}},{"start":{"line":29,"column":45},"end":{"line":29,"column":null}}],"line":29},"1":{"loc":{"start":{"line":33,"column":7},"end":{"line":44,"column":null}},"type":"binary-expr","locations":[{"start":{"line":33,"column":7},"end":{"line":33,"column":null}},{"start":{"line":34,"column":8},"end":{"line":44,"column":null}}],"line":33}},"s":{"0":1,"1":5,"2":5,"3":5,"4":5,"5":2,"6":5,"7":2,"8":0},"f":{"0":5,"1":2,"2":2,"3":0},"b":{"0":[2,3],"1":[5,2]},"meta":{"lastBranch":2,"lastFunction":4,"lastStatement":9,"seen":{"s:3:13:47:Infinity":0,"f:3:13:3:14":0,"s:5:20:11:Infinity":1,"s:13:28:16:Infinity":2,"s:18:58:18:Infinity":3,"s:20:27:22:Infinity":4,"f:20:27:20:33":1,"s:21:4:21:Infinity":5,"s:24:2:46:Infinity":6,"b:29:36:29:45:29:45:29:Infinity":0,"b:33:7:33:Infinity:34:8:44:Infinity":1,"f:38:29:38:35":2,"s:38:35:38:53":7,"f:41:53:41:59":3,"s:41:59:41:77":8}}}
,"C:\\Users\\aldi_\\fullstack part5\\bloglist-frontend\\src\\components\\BlogForm.jsx": {"path":"C:\\Users\\aldi_\\fullstack part5\\bloglist-frontend\\src\\components\\BlogForm.jsx","statementMap":{"0":{"start":{"line":3,"column":17},"end":{"line":58,"column":null}},"1":{"start":{"line":5,"column":24},"end":{"line":5,"column":null}},"2":{"start":{"line":6,"column":26},"end":{"line":6,"column":null}},"3":{"start":{"line":7,"column":20},"end":{"line":7,"column":null}},"4":{"start":{"line":9,"column":18},"end":{"line":20,"column":null}},"5":{"start":{"line":10,"column":4},"end":{"line":10,"column":null}},"6":{"start":{"line":11,"column":4},"end":{"line":15,"column":null}},"7":{"start":{"line":17,"column":4},"end":{"line":17,"column":null}},"8":{"start":{"line":18,"column":4},"end":{"line":18,"column":null}},"9":{"start":{"line":19,"column":4},"end":{"line":19,"column":null}},"10":{"start":{"line":22,"column":2},"end":{"line":56,"column":null}},"11":{"start":{"line":30,"column":36},"end":{"line":30,"column":null}},"12":{"start":{"line":40,"column":36},"end":{"line":40,"column":null}},"13":{"start":{"line":50,"column":36},"end":{"line":50,"column":null}}},"fnMap":{"0":{"name":"(anonymous_0)","decl":{"start":{"line":3,"column":17},"end":{"line":3,"column":18}},"loc":{"start":{"line":3,"column":37},"end":{"line":58,"column":null}},"line":3},"1":{"name":"(anonymous_1)","decl":{"start":{"line":9,"column":18},"end":{"line":9,"column":19}},"loc":{"start":{"line":9,"column":29},"end":{"line":20,"column":null}},"line":9},"2":{"name":"(anonymous_2)","decl":{"start":{"line":30,"column":20},"end":{"line":30,"column":21}},"loc":{"start":{"line":30,"column":36},"end":{"line":30,"column":null}},"line":30},"3":{"name":"(anonymous_3)","decl":{"start":{"line":40,"column":20},"end":{"line":40,"column":21}},"loc":{"start":{"line":40,"column":36},"end":{"line":40,"column":null}},"line":40},"4":{"name":"(anonymous_4)","decl":{"start":{"line":50,"column":20},"end":{"line":50,"column":21}},"loc":{"start":{"line":50,"column":36},"end":{"line":50,"column":null}},"line":50}},"branchMap":{},"s":{"0":1,"1":50,"2":50,"3":50,"4":50,"5":1,"6":1,"7":1,"8":1,"9":1,"10":50,"11":15,"12":12,"13":21},"f":{"0":50,"1":1,"2":15,"3":12,"4":21},"b":{},"meta":{"lastBranch":0,"lastFunction":5,"lastStatement":14,"seen":{"s:3:17:58:Infinity":0,"f:3:17:3:18":0,"s:5:24:5:Infinity":1,"s:6:26:6:Infinity":2,"s:7:20:7:Infinity":3,"s:9:18:20:Infinity":4,"f:9:18:9:19":1,"s:10:4:10:Infinity":5,"s:11:4:15:Infinity":6,"s:17:4:17:Infinity":7,"s:18:4:18:Infinity":8,"s:19:4:19:Infinity":9,"s:22:2:56:Infinity":10,"f:30:20:30:21":2,"s:30:36:30:Infinity":11,"f:40:20:40:21":3,"s:40:36:40:Infinity":12,"f:50:20:50:21":4,"s:50:36:50:Infinity":13}}}
}
